0 info it worked if it ends with ok
1 verbose cli [ 'node', '/usr/local/bin/npm', 'install' ]
2 info using npm@1.4.28
3 info using node@v0.10.32
4 verbose readDependencies using package.json deps
5 verbose install where, deps [ '/Users/dave/Dev/hello/hello',
5 verbose install   [ 'express',
5 verbose install     'body-parser',
5 verbose install     'cookie-parser',
5 verbose install     'morgan',
5 verbose install     'serve-favicon',
5 verbose install     'debug',
5 verbose install     'jade' ] ]
6 info preinstall hello@0.0.0
7 verbose readDependencies using package.json deps
8 verbose cache add [ 'express@~4.9.0', null ]
9 verbose cache add name=undefined spec="express@~4.9.0" args=["express@~4.9.0",null]
10 verbose parsed url { protocol: null,
10 verbose parsed url   slashes: null,
10 verbose parsed url   auth: null,
10 verbose parsed url   host: null,
10 verbose parsed url   port: null,
10 verbose parsed url   hostname: null,
10 verbose parsed url   hash: null,
10 verbose parsed url   search: null,
10 verbose parsed url   query: null,
10 verbose parsed url   pathname: 'express@~4.9.0',
10 verbose parsed url   path: 'express@~4.9.0',
10 verbose parsed url   href: 'express@~4.9.0' }
11 verbose cache add [ 'body-parser@~1.8.1', null ]
12 verbose cache add name=undefined spec="body-parser@~1.8.1" args=["body-parser@~1.8.1",null]
13 verbose parsed url { protocol: null,
13 verbose parsed url   slashes: null,
13 verbose parsed url   auth: null,
13 verbose parsed url   host: null,
13 verbose parsed url   port: null,
13 verbose parsed url   hostname: null,
13 verbose parsed url   hash: null,
13 verbose parsed url   search: null,
13 verbose parsed url   query: null,
13 verbose parsed url   pathname: 'body-parser@~1.8.1',
13 verbose parsed url   path: 'body-parser@~1.8.1',
13 verbose parsed url   href: 'body-parser@~1.8.1' }
14 verbose cache add [ 'cookie-parser@~1.3.3', null ]
15 verbose cache add name=undefined spec="cookie-parser@~1.3.3" args=["cookie-parser@~1.3.3",null]
16 verbose parsed url { protocol: null,
16 verbose parsed url   slashes: null,
16 verbose parsed url   auth: null,
16 verbose parsed url   host: null,
16 verbose parsed url   port: null,
16 verbose parsed url   hostname: null,
16 verbose parsed url   hash: null,
16 verbose parsed url   search: null,
16 verbose parsed url   query: null,
16 verbose parsed url   pathname: 'cookie-parser@~1.3.3',
16 verbose parsed url   path: 'cookie-parser@~1.3.3',
16 verbose parsed url   href: 'cookie-parser@~1.3.3' }
17 verbose cache add [ 'morgan@~1.3.0', null ]
18 verbose cache add name=undefined spec="morgan@~1.3.0" args=["morgan@~1.3.0",null]
19 verbose parsed url { protocol: null,
19 verbose parsed url   slashes: null,
19 verbose parsed url   auth: null,
19 verbose parsed url   host: null,
19 verbose parsed url   port: null,
19 verbose parsed url   hostname: null,
19 verbose parsed url   hash: null,
19 verbose parsed url   search: null,
19 verbose parsed url   query: null,
19 verbose parsed url   pathname: 'morgan@~1.3.0',
19 verbose parsed url   path: 'morgan@~1.3.0',
19 verbose parsed url   href: 'morgan@~1.3.0' }
20 verbose cache add name="express" spec="~4.9.0" args=["express","~4.9.0"]
21 verbose parsed url { protocol: null,
21 verbose parsed url   slashes: null,
21 verbose parsed url   auth: null,
21 verbose parsed url   host: null,
21 verbose parsed url   port: null,
21 verbose parsed url   hostname: null,
21 verbose parsed url   hash: null,
21 verbose parsed url   search: null,
21 verbose parsed url   query: null,
21 verbose parsed url   pathname: '~4.9.0',
21 verbose parsed url   path: '~4.9.0',
21 verbose parsed url   href: '~4.9.0' }
22 verbose addNamed [ 'express', '~4.9.0' ]
23 verbose addNamed [ null, '>=4.9.0-0 <4.10.0-0' ]
24 verbose cache add name="body-parser" spec="~1.8.1" args=["body-parser","~1.8.1"]
25 verbose parsed url { protocol: null,
25 verbose parsed url   slashes: null,
25 verbose parsed url   auth: null,
25 verbose parsed url   host: null,
25 verbose parsed url   port: null,
25 verbose parsed url   hostname: null,
25 verbose parsed url   hash: null,
25 verbose parsed url   search: null,
25 verbose parsed url   query: null,
25 verbose parsed url   pathname: '~1.8.1',
25 verbose parsed url   path: '~1.8.1',
25 verbose parsed url   href: '~1.8.1' }
26 verbose addNamed [ 'body-parser', '~1.8.1' ]
27 verbose addNamed [ null, '>=1.8.1-0 <1.9.0-0' ]
28 verbose cache add name="cookie-parser" spec="~1.3.3" args=["cookie-parser","~1.3.3"]
29 verbose parsed url { protocol: null,
29 verbose parsed url   slashes: null,
29 verbose parsed url   auth: null,
29 verbose parsed url   host: null,
29 verbose parsed url   port: null,
29 verbose parsed url   hostname: null,
29 verbose parsed url   hash: null,
29 verbose parsed url   search: null,
29 verbose parsed url   query: null,
29 verbose parsed url   pathname: '~1.3.3',
29 verbose parsed url   path: '~1.3.3',
29 verbose parsed url   href: '~1.3.3' }
30 verbose addNamed [ 'cookie-parser', '~1.3.3' ]
31 verbose addNamed [ null, '>=1.3.3-0 <1.4.0-0' ]
32 verbose cache add [ 'serve-favicon@~2.1.3', null ]
33 verbose cache add name=undefined spec="serve-favicon@~2.1.3" args=["serve-favicon@~2.1.3",null]
34 verbose parsed url { protocol: null,
34 verbose parsed url   slashes: null,
34 verbose parsed url   auth: null,
34 verbose parsed url   host: null,
34 verbose parsed url   port: null,
34 verbose parsed url   hostname: null,
34 verbose parsed url   hash: null,
34 verbose parsed url   search: null,
34 verbose parsed url   query: null,
34 verbose parsed url   pathname: 'serve-favicon@~2.1.3',
34 verbose parsed url   path: 'serve-favicon@~2.1.3',
34 verbose parsed url   href: 'serve-favicon@~2.1.3' }
35 verbose cache add name="morgan" spec="~1.3.0" args=["morgan","~1.3.0"]
36 verbose parsed url { protocol: null,
36 verbose parsed url   slashes: null,
36 verbose parsed url   auth: null,
36 verbose parsed url   host: null,
36 verbose parsed url   port: null,
36 verbose parsed url   hostname: null,
36 verbose parsed url   hash: null,
36 verbose parsed url   search: null,
36 verbose parsed url   query: null,
36 verbose parsed url   pathname: '~1.3.0',
36 verbose parsed url   path: '~1.3.0',
36 verbose parsed url   href: '~1.3.0' }
37 verbose addNamed [ 'morgan', '~1.3.0' ]
38 verbose addNamed [ null, '>=1.3.0-0 <1.4.0-0' ]
39 silly lockFile 6ae7fa08-express-4-9-0 express@~4.9.0
40 verbose lock express@~4.9.0 /Users/dave/.npm/6ae7fa08-express-4-9-0.lock
41 silly lockFile a49948c1-body-parser-1-8-1 body-parser@~1.8.1
42 verbose lock body-parser@~1.8.1 /Users/dave/.npm/a49948c1-body-parser-1-8-1.lock
43 silly lockFile bf5babd8-cookie-parser-1-3-3 cookie-parser@~1.3.3
44 verbose lock cookie-parser@~1.3.3 /Users/dave/.npm/bf5babd8-cookie-parser-1-3-3.lock
45 silly lockFile a4a9bdf4-morgan-1-3-0 morgan@~1.3.0
46 verbose lock morgan@~1.3.0 /Users/dave/.npm/a4a9bdf4-morgan-1-3-0.lock
47 verbose cache add [ 'debug@~2.0.0', null ]
48 verbose cache add name=undefined spec="debug@~2.0.0" args=["debug@~2.0.0",null]
49 verbose parsed url { protocol: null,
49 verbose parsed url   slashes: null,
49 verbose parsed url   auth: null,
49 verbose parsed url   host: null,
49 verbose parsed url   port: null,
49 verbose parsed url   hostname: null,
49 verbose parsed url   hash: null,
49 verbose parsed url   search: null,
49 verbose parsed url   query: null,
49 verbose parsed url   pathname: 'debug@~2.0.0',
49 verbose parsed url   path: 'debug@~2.0.0',
49 verbose parsed url   href: 'debug@~2.0.0' }
50 verbose cache add [ 'jade@~1.6.0', null ]
51 verbose cache add name=undefined spec="jade@~1.6.0" args=["jade@~1.6.0",null]
52 verbose parsed url { protocol: null,
52 verbose parsed url   slashes: null,
52 verbose parsed url   auth: null,
52 verbose parsed url   host: null,
52 verbose parsed url   port: null,
52 verbose parsed url   hostname: null,
52 verbose parsed url   hash: null,
52 verbose parsed url   search: null,
52 verbose parsed url   query: null,
52 verbose parsed url   pathname: 'jade@~1.6.0',
52 verbose parsed url   path: 'jade@~1.6.0',
52 verbose parsed url   href: 'jade@~1.6.0' }
53 verbose cache add name="serve-favicon" spec="~2.1.3" args=["serve-favicon","~2.1.3"]
54 verbose parsed url { protocol: null,
54 verbose parsed url   slashes: null,
54 verbose parsed url   auth: null,
54 verbose parsed url   host: null,
54 verbose parsed url   port: null,
54 verbose parsed url   hostname: null,
54 verbose parsed url   hash: null,
54 verbose parsed url   search: null,
54 verbose parsed url   query: null,
54 verbose parsed url   pathname: '~2.1.3',
54 verbose parsed url   path: '~2.1.3',
54 verbose parsed url   href: '~2.1.3' }
55 verbose addNamed [ 'serve-favicon', '~2.1.3' ]
56 verbose addNamed [ null, '>=2.1.3-0 <2.2.0-0' ]
57 silly lockFile 38295489-serve-favicon-2-1-3 serve-favicon@~2.1.3
58 verbose lock serve-favicon@~2.1.3 /Users/dave/.npm/38295489-serve-favicon-2-1-3.lock
59 verbose cache add name="debug" spec="~2.0.0" args=["debug","~2.0.0"]
60 verbose parsed url { protocol: null,
60 verbose parsed url   slashes: null,
60 verbose parsed url   auth: null,
60 verbose parsed url   host: null,
60 verbose parsed url   port: null,
60 verbose parsed url   hostname: null,
60 verbose parsed url   hash: null,
60 verbose parsed url   search: null,
60 verbose parsed url   query: null,
60 verbose parsed url   pathname: '~2.0.0',
60 verbose parsed url   path: '~2.0.0',
60 verbose parsed url   href: '~2.0.0' }
61 verbose addNamed [ 'debug', '~2.0.0' ]
62 verbose addNamed [ null, '>=2.0.0-0 <2.1.0-0' ]
63 silly lockFile 12b6356d-debug-2-0-0 debug@~2.0.0
64 verbose lock debug@~2.0.0 /Users/dave/.npm/12b6356d-debug-2-0-0.lock
65 verbose cache add name="jade" spec="~1.6.0" args=["jade","~1.6.0"]
66 verbose parsed url { protocol: null,
66 verbose parsed url   slashes: null,
66 verbose parsed url   auth: null,
66 verbose parsed url   host: null,
66 verbose parsed url   port: null,
66 verbose parsed url   hostname: null,
66 verbose parsed url   hash: null,
66 verbose parsed url   search: null,
66 verbose parsed url   query: null,
66 verbose parsed url   pathname: '~1.6.0',
66 verbose parsed url   path: '~1.6.0',
66 verbose parsed url   href: '~1.6.0' }
67 verbose addNamed [ 'jade', '~1.6.0' ]
68 verbose addNamed [ null, '>=1.6.0-0 <1.7.0-0' ]
69 silly lockFile ad8c17a8-jade-1-6-0 jade@~1.6.0
70 verbose lock jade@~1.6.0 /Users/dave/.npm/ad8c17a8-jade-1-6-0.lock
71 silly addNameRange { name: 'express', range: '>=4.9.0-0 <4.10.0-0', hasData: false }
72 silly addNameRange { name: 'body-parser',
72 silly addNameRange   range: '>=1.8.1-0 <1.9.0-0',
72 silly addNameRange   hasData: false }
73 silly addNameRange { name: 'cookie-parser',
73 silly addNameRange   range: '>=1.3.3-0 <1.4.0-0',
73 silly addNameRange   hasData: false }
74 silly addNameRange { name: 'morgan', range: '>=1.3.0-0 <1.4.0-0', hasData: false }
75 silly addNameRange { name: 'serve-favicon',
75 silly addNameRange   range: '>=2.1.3-0 <2.2.0-0',
75 silly addNameRange   hasData: false }
76 silly addNameRange { name: 'debug', range: '>=2.0.0-0 <2.1.0-0', hasData: false }
77 silly addNameRange { name: 'jade', range: '>=1.6.0-0 <1.7.0-0', hasData: false }
78 verbose request where is /cookie-parser
79 verbose request registry https://registry.npmjs.org/
80 verbose request id 51ca196220b77dc4
81 verbose url raw /cookie-parser
82 verbose url resolving [ 'https://registry.npmjs.org/', './cookie-parser' ]
83 verbose url resolved https://registry.npmjs.org/cookie-parser
84 verbose request where is https://registry.npmjs.org/cookie-parser
85 info trying registry request attempt 1 at 09:03:30
86 verbose etag "D2I21Z55J0M83YHA636O1DW9K"
87 http GET https://registry.npmjs.org/cookie-parser
88 verbose request where is /body-parser
89 verbose request registry https://registry.npmjs.org/
90 verbose url raw /body-parser
91 verbose url resolving [ 'https://registry.npmjs.org/', './body-parser' ]
92 verbose url resolved https://registry.npmjs.org/body-parser
93 verbose request where is https://registry.npmjs.org/body-parser
94 info trying registry request attempt 1 at 09:03:30
95 verbose etag "D50YWX8L0PQWHRVLT5RVLQ2VE"
96 http GET https://registry.npmjs.org/body-parser
97 verbose request where is /morgan
98 verbose request registry https://registry.npmjs.org/
99 verbose url raw /morgan
100 verbose url resolving [ 'https://registry.npmjs.org/', './morgan' ]
101 verbose url resolved https://registry.npmjs.org/morgan
102 verbose request where is https://registry.npmjs.org/morgan
103 info trying registry request attempt 1 at 09:03:30
104 verbose etag "4DVWNA8L3K2DS47U133BGJPI2"
105 http GET https://registry.npmjs.org/morgan
106 verbose request where is /express
107 verbose request registry https://registry.npmjs.org/
108 verbose url raw /express
109 verbose url resolving [ 'https://registry.npmjs.org/', './express' ]
110 verbose url resolved https://registry.npmjs.org/express
111 verbose request where is https://registry.npmjs.org/express
112 info trying registry request attempt 1 at 09:03:30
113 verbose etag "C06J41JS24SUI4M317E6WUU8Z"
114 http GET https://registry.npmjs.org/express
115 verbose request where is /serve-favicon
116 verbose request registry https://registry.npmjs.org/
117 verbose url raw /serve-favicon
118 verbose url resolving [ 'https://registry.npmjs.org/', './serve-favicon' ]
119 verbose url resolved https://registry.npmjs.org/serve-favicon
120 verbose request where is https://registry.npmjs.org/serve-favicon
121 info trying registry request attempt 1 at 09:03:30
122 verbose etag "32DME59ARJISQ6B7SM9GQJ65I"
123 http GET https://registry.npmjs.org/serve-favicon
124 verbose request where is /debug
125 verbose request registry https://registry.npmjs.org/
126 verbose url raw /debug
127 verbose url resolving [ 'https://registry.npmjs.org/', './debug' ]
128 verbose url resolved https://registry.npmjs.org/debug
129 verbose request where is https://registry.npmjs.org/debug
130 info trying registry request attempt 1 at 09:03:30
131 verbose etag "E4CY0R7HCWKX9EK7D0X8XLN04"
132 http GET https://registry.npmjs.org/debug
133 verbose request where is /jade
134 verbose request registry https://registry.npmjs.org/
135 verbose url raw /jade
136 verbose url resolving [ 'https://registry.npmjs.org/', './jade' ]
137 verbose url resolved https://registry.npmjs.org/jade
138 verbose request where is https://registry.npmjs.org/jade
139 info trying registry request attempt 1 at 09:03:30
140 verbose etag "5Q4KARORKJ9AKV4P4JSBELBXA"
141 http GET https://registry.npmjs.org/jade
142 http 304 https://registry.npmjs.org/body-parser
143 silly registry.get cb [ 304,
143 silly registry.get   { date: 'Sat, 06 Dec 2014 22:03:30 GMT',
143 silly registry.get     server: 'Apache',
143 silly registry.get     via: '1.1 varnish',
143 silly registry.get     'last-modified': 'Sat, 06 Dec 2014 22:03:30 GMT',
143 silly registry.get     'cache-control': 'max-age=60',
143 silly registry.get     etag: '"D50YWX8L0PQWHRVLT5RVLQ2VE"',
143 silly registry.get     age: '0',
143 silly registry.get     'x-served-by': 'cache-syd1623-SYD',
143 silly registry.get     'x-cache': 'HIT',
143 silly registry.get     'x-cache-hits': '1',
143 silly registry.get     'x-timer': 'S1417903410.240431,VS0,VE755',
143 silly registry.get     vary: 'Accept',
143 silly registry.get     'content-length': '0',
143 silly registry.get     'keep-alive': 'timeout=10, max=50',
143 silly registry.get     connection: 'Keep-Alive' } ]
144 verbose etag https://registry.npmjs.org/body-parser from cache
145 http 304 https://registry.npmjs.org/morgan
146 silly registry.get cb [ 304,
146 silly registry.get   { date: 'Sat, 06 Dec 2014 22:03:30 GMT',
146 silly registry.get     server: 'Apache',
146 silly registry.get     via: '1.1 varnish',
146 silly registry.get     'last-modified': 'Sat, 06 Dec 2014 22:03:30 GMT',
146 silly registry.get     'cache-control': 'max-age=60',
146 silly registry.get     etag: '"4DVWNA8L3K2DS47U133BGJPI2"',
146 silly registry.get     age: '0',
146 silly registry.get     'x-served-by': 'cache-syd1622-SYD',
146 silly registry.get     'x-cache': 'HIT',
146 silly registry.get     'x-cache-hits': '1',
146 silly registry.get     'x-timer': 'S1417903410.239529,VS0,VE757',
146 silly registry.get     vary: 'Accept',
146 silly registry.get     'content-length': '0',
146 silly registry.get     'keep-alive': 'timeout=10, max=50',
146 silly registry.get     connection: 'Keep-Alive' } ]
147 verbose etag https://registry.npmjs.org/morgan from cache
148 silly addNameRange number 2 { name: 'morgan', range: '>=1.3.0-0 <1.4.0-0', hasData: true }
149 silly addNameRange versions [ 'morgan',
149 silly addNameRange   [ '1.0.0',
149 silly addNameRange     '1.0.1',
149 silly addNameRange     '1.1.0',
149 silly addNameRange     '1.1.1',
149 silly addNameRange     '1.2.0',
149 silly addNameRange     '1.2.1',
149 silly addNameRange     '1.2.2',
149 silly addNameRange     '1.2.3',
149 silly addNameRange     '1.3.0',
149 silly addNameRange     '1.3.1',
149 silly addNameRange     '1.3.2',
149 silly addNameRange     '1.4.0',
149 silly addNameRange     '1.4.1',
149 silly addNameRange     '1.5.0' ] ]
150 verbose addNamed [ 'morgan', '1.3.2' ]
151 verbose addNamed [ '1.3.2', '1.3.2' ]
152 silly lockFile 7e2b41c6-morgan-1-3-2 morgan@1.3.2
153 verbose lock morgan@1.3.2 /Users/dave/.npm/7e2b41c6-morgan-1-3-2.lock
154 silly addNameRange number 2 { name: 'body-parser',
154 silly addNameRange   range: '>=1.8.1-0 <1.9.0-0',
154 silly addNameRange   hasData: true }
155 silly addNameRange versions [ 'body-parser',
155 silly addNameRange   [ '1.0.0',
155 silly addNameRange     '1.0.1',
155 silly addNameRange     '1.0.2',
155 silly addNameRange     '1.1.0',
155 silly addNameRange     '1.1.1',
155 silly addNameRange     '1.1.2',
155 silly addNameRange     '1.2.0',
155 silly addNameRange     '1.2.1',
155 silly addNameRange     '1.2.2',
155 silly addNameRange     '1.3.0',
155 silly addNameRange     '1.3.1',
155 silly addNameRange     '1.4.0',
155 silly addNameRange     '1.4.1',
155 silly addNameRange     '1.4.2',
155 silly addNameRange     '1.4.3',
155 silly addNameRange     '1.5.0',
155 silly addNameRange     '1.5.1',
155 silly addNameRange     '1.5.2',
155 silly addNameRange     '1.6.0',
155 silly addNameRange     '1.6.1',
155 silly addNameRange     '1.6.2',
155 silly addNameRange     '1.6.3',
155 silly addNameRange     '1.6.4',
155 silly addNameRange     '1.6.5',
155 silly addNameRange     '1.6.6',
155 silly addNameRange     '1.6.7',
155 silly addNameRange     '1.7.0',
155 silly addNameRange     '1.8.0',
155 silly addNameRange     '1.8.1',
155 silly addNameRange     '1.8.2',
155 silly addNameRange     '1.8.3',
155 silly addNameRange     '1.8.4',
155 silly addNameRange     '1.9.0',
155 silly addNameRange     '1.9.1',
155 silly addNameRange     '1.9.2',
155 silly addNameRange     '1.9.3',
155 silly addNameRange     '1.10.0' ] ]
156 verbose addNamed [ 'body-parser', '1.8.4' ]
157 verbose addNamed [ '1.8.4', '1.8.4' ]
158 silly lockFile 5cba912c-body-parser-1-8-4 body-parser@1.8.4
159 verbose lock body-parser@1.8.4 /Users/dave/.npm/5cba912c-body-parser-1-8-4.lock
160 silly lockFile 7e2b41c6-morgan-1-3-2 morgan@1.3.2
161 silly lockFile 7e2b41c6-morgan-1-3-2 morgan@1.3.2
162 silly lockFile a4a9bdf4-morgan-1-3-0 morgan@~1.3.0
163 silly lockFile a4a9bdf4-morgan-1-3-0 morgan@~1.3.0
164 silly lockFile 5cba912c-body-parser-1-8-4 body-parser@1.8.4
165 silly lockFile 5cba912c-body-parser-1-8-4 body-parser@1.8.4
166 silly lockFile a49948c1-body-parser-1-8-1 body-parser@~1.8.1
167 silly lockFile a49948c1-body-parser-1-8-1 body-parser@~1.8.1
168 http 304 https://registry.npmjs.org/serve-favicon
169 silly registry.get cb [ 304,
169 silly registry.get   { date: 'Sat, 06 Dec 2014 22:03:30 GMT',
169 silly registry.get     server: 'Apache',
169 silly registry.get     via: '1.1 varnish',
169 silly registry.get     'last-modified': 'Sat, 06 Dec 2014 22:03:31 GMT',
169 silly registry.get     'cache-control': 'max-age=60',
169 silly registry.get     etag: '"32DME59ARJISQ6B7SM9GQJ65I"',
169 silly registry.get     age: '0',
169 silly registry.get     'x-served-by': 'cache-syd1622-SYD',
169 silly registry.get     'x-cache': 'HIT',
169 silly registry.get     'x-cache-hits': '1',
169 silly registry.get     'x-timer': 'S1417903410.241578,VS0,VE934',
169 silly registry.get     vary: 'Accept',
169 silly registry.get     'content-length': '0',
169 silly registry.get     'keep-alive': 'timeout=10, max=50',
169 silly registry.get     connection: 'Keep-Alive' } ]
170 verbose etag https://registry.npmjs.org/serve-favicon from cache
171 silly addNameRange number 2 { name: 'serve-favicon',
171 silly addNameRange   range: '>=2.1.3-0 <2.2.0-0',
171 silly addNameRange   hasData: true }
172 silly addNameRange versions [ 'serve-favicon',
172 silly addNameRange   [ '2.0.0',
172 silly addNameRange     '2.0.1',
172 silly addNameRange     '2.1.0',
172 silly addNameRange     '2.1.1',
172 silly addNameRange     '2.1.2',
172 silly addNameRange     '2.1.3',
172 silly addNameRange     '2.1.4',
172 silly addNameRange     '2.1.5',
172 silly addNameRange     '2.1.6',
172 silly addNameRange     '2.1.7' ] ]
173 verbose addNamed [ 'serve-favicon', '2.1.7' ]
174 verbose addNamed [ '2.1.7', '2.1.7' ]
175 silly lockFile 041e16ae-serve-favicon-2-1-7 serve-favicon@2.1.7
176 verbose lock serve-favicon@2.1.7 /Users/dave/.npm/041e16ae-serve-favicon-2-1-7.lock
177 silly lockFile 041e16ae-serve-favicon-2-1-7 serve-favicon@2.1.7
178 silly lockFile 041e16ae-serve-favicon-2-1-7 serve-favicon@2.1.7
179 silly lockFile 38295489-serve-favicon-2-1-3 serve-favicon@~2.1.3
180 silly lockFile 38295489-serve-favicon-2-1-3 serve-favicon@~2.1.3
181 http 304 https://registry.npmjs.org/cookie-parser
182 silly registry.get cb [ 304,
182 silly registry.get   { date: 'Sat, 06 Dec 2014 22:03:30 GMT',
182 silly registry.get     server: 'Apache',
182 silly registry.get     via: '1.1 varnish',
182 silly registry.get     'last-modified': 'Sat, 06 Dec 2014 22:03:31 GMT',
182 silly registry.get     'cache-control': 'max-age=60',
182 silly registry.get     etag: '"D2I21Z55J0M83YHA636O1DW9K"',
182 silly registry.get     age: '0',
182 silly registry.get     'x-served-by': 'cache-syd1620-SYD',
182 silly registry.get     'x-cache': 'HIT',
182 silly registry.get     'x-cache-hits': '1',
182 silly registry.get     'x-timer': 'S1417903410.240654,VS0,VE946',
182 silly registry.get     vary: 'Accept',
182 silly registry.get     'content-length': '0',
182 silly registry.get     'keep-alive': 'timeout=10, max=50',
182 silly registry.get     connection: 'Keep-Alive' } ]
183 verbose etag https://registry.npmjs.org/cookie-parser from cache
184 silly addNameRange number 2 { name: 'cookie-parser',
184 silly addNameRange   range: '>=1.3.3-0 <1.4.0-0',
184 silly addNameRange   hasData: true }
185 silly addNameRange versions [ 'cookie-parser',
185 silly addNameRange   [ '1.0.0',
185 silly addNameRange     '1.0.1',
185 silly addNameRange     '1.1.0',
185 silly addNameRange     '1.2.0',
185 silly addNameRange     '1.3.0',
185 silly addNameRange     '1.3.1',
185 silly addNameRange     '1.3.2',
185 silly addNameRange     '1.3.3' ] ]
186 verbose addNamed [ 'cookie-parser', '1.3.3' ]
187 verbose addNamed [ '1.3.3', '1.3.3' ]
188 silly lockFile 68450bd4-cookie-parser-1-3-3 cookie-parser@1.3.3
189 verbose lock cookie-parser@1.3.3 /Users/dave/.npm/68450bd4-cookie-parser-1-3-3.lock
190 silly lockFile 68450bd4-cookie-parser-1-3-3 cookie-parser@1.3.3
191 silly lockFile 68450bd4-cookie-parser-1-3-3 cookie-parser@1.3.3
192 silly lockFile bf5babd8-cookie-parser-1-3-3 cookie-parser@~1.3.3
193 silly lockFile bf5babd8-cookie-parser-1-3-3 cookie-parser@~1.3.3
194 http 304 https://registry.npmjs.org/express
195 silly registry.get cb [ 304,
195 silly registry.get   { date: 'Sat, 06 Dec 2014 22:03:30 GMT',
195 silly registry.get     server: 'Apache',
195 silly registry.get     via: '1.1 varnish',
195 silly registry.get     'last-modified': 'Sat, 06 Dec 2014 22:03:31 GMT',
195 silly registry.get     'cache-control': 'max-age=60',
195 silly registry.get     etag: '"C06J41JS24SUI4M317E6WUU8Z"',
195 silly registry.get     age: '0',
195 silly registry.get     'x-served-by': 'cache-syd1623-SYD',
195 silly registry.get     'x-cache': 'HIT',
195 silly registry.get     'x-cache-hits': '1',
195 silly registry.get     'x-timer': 'S1417903410.238415,VS0,VE954',
195 silly registry.get     vary: 'Accept',
195 silly registry.get     'content-length': '0',
195 silly registry.get     'keep-alive': 'timeout=10, max=50',
195 silly registry.get     connection: 'Keep-Alive' } ]
196 verbose etag https://registry.npmjs.org/express from cache
197 silly addNameRange number 2 { name: 'express', range: '>=4.9.0-0 <4.10.0-0', hasData: true }
198 silly addNameRange versions [ 'express',
198 silly addNameRange   [ '0.14.0',
198 silly addNameRange     '0.14.1',
198 silly addNameRange     '1.0.0',
198 silly addNameRange     '1.0.1',
198 silly addNameRange     '1.0.2',
198 silly addNameRange     '1.0.3',
198 silly addNameRange     '1.0.4',
198 silly addNameRange     '1.0.5',
198 silly addNameRange     '1.0.6',
198 silly addNameRange     '1.0.7',
198 silly addNameRange     '1.0.8',
198 silly addNameRange     '2.0.0',
198 silly addNameRange     '2.1.0',
198 silly addNameRange     '2.1.1',
198 silly addNameRange     '2.2.0',
198 silly addNameRange     '2.2.1',
198 silly addNameRange     '2.2.2',
198 silly addNameRange     '2.3.0',
198 silly addNameRange     '2.3.1',
198 silly addNameRange     '2.3.2',
198 silly addNameRange     '2.3.3',
198 silly addNameRange     '2.3.4',
198 silly addNameRange     '2.3.5',
198 silly addNameRange     '2.3.6',
198 silly addNameRange     '2.3.7',
198 silly addNameRange     '2.3.8',
198 silly addNameRange     '2.3.9',
198 silly addNameRange     '2.3.10',
198 silly addNameRange     '2.3.11',
198 silly addNameRange     '2.3.12',
198 silly addNameRange     '2.4.0',
198 silly addNameRange     '2.4.1',
198 silly addNameRange     '2.4.2',
198 silly addNameRange     '2.4.3',
198 silly addNameRange     '2.4.4',
198 silly addNameRange     '2.4.5',
198 silly addNameRange     '2.4.6',
198 silly addNameRange     '2.4.7',
198 silly addNameRange     '2.5.0',
198 silly addNameRange     '2.5.1',
198 silly addNameRange     '2.5.2',
198 silly addNameRange     '2.5.3',
198 silly addNameRange     '2.5.4',
198 silly addNameRange     '2.5.5',
198 silly addNameRange     '2.5.6',
198 silly addNameRange     '2.5.7',
198 silly addNameRange     '2.5.8',
198 silly addNameRange     '2.5.9',
198 silly addNameRange     '2.5.10',
198 silly addNameRange     '2.5.11',
198 silly addNameRange     '3.0.0',
198 silly addNameRange     '3.0.1',
198 silly addNameRange     '3.0.2',
198 silly addNameRange     '3.0.3',
198 silly addNameRange     '3.0.4',
198 silly addNameRange     '3.0.5',
198 silly addNameRange     '3.0.6',
198 silly addNameRange     '3.1.0',
198 silly addNameRange     '3.1.1',
198 silly addNameRange     '3.1.2',
198 silly addNameRange     '3.2.0',
198 silly addNameRange     '3.2.1',
198 silly addNameRange     '3.2.2',
198 silly addNameRange     '3.2.3',
198 silly addNameRange     '3.2.4',
198 silly addNameRange     '3.2.5',
198 silly addNameRange     '3.2.6',
198 silly addNameRange     '3.3.0',
198 silly addNameRange     '3.3.1',
198 silly addNameRange     '3.3.2',
198 silly addNameRange     '3.3.3',
198 silly addNameRange     '3.3.4',
198 silly addNameRange     '3.3.5',
198 silly addNameRange     '3.3.6',
198 silly addNameRange     '1.0.0-beta',
198 silly addNameRange     '1.0.0-beta2',
198 silly addNameRange     '1.0.0-rc',
198 silly addNameRange     '1.0.0-rc2',
198 silly addNameRange     '1.0.0-rc3',
198 silly addNameRange     '1.0.0-rc4',
198 silly addNameRange     '2.0.0-beta',
198 silly addNameRange     '2.0.0-beta2',
198 silly addNameRange     '2.0.0-beta3',
198 silly addNameRange     '2.0.0-rc',
198 silly addNameRange     '2.0.0-rc2',
198 silly addNameRange     '2.0.0-rc3',
198 silly addNameRange     '3.0.0-alpha1',
198 silly addNameRange     '3.0.0-alpha2',
198 silly addNameRange     '3.0.0-alpha3',
198 silly addNameRange     '3.0.0-alpha4',
198 silly addNameRange     '3.0.0-alpha5',
198 silly addNameRange     '3.0.0-beta1',
198 silly addNameRange     '3.0.0-beta2',
198 silly addNameRange     '3.0.0-beta3',
198 silly addNameRange     '3.0.0-beta4',
198 silly addNameRange     '3.0.0-beta6',
198 silly addNameRange     '3.0.0-beta7',
198 silly addNameRange     '3.0.0-rc1',
198 silly addNameRange     '3.0.0-rc2',
198 silly addNameRange     '3.0.0-rc3',
198 silly addNameRange     '3.0.0-rc4',
198 silly addNameRange     '3.0.0-rc5',
198 silly addNameRange     '3.3.7',
198 silly addNameRange     '3.3.8',
198 silly addNameRange     '3.4.0',
198 silly addNameRange     '3.4.1',
198 silly addNameRange     '3.4.2',
198 silly addNameRange     '3.4.3',
198 silly addNameRange     '3.4.4',
198 silly addNameRange     '3.4.5',
198 silly addNameRange     '3.4.6',
198 silly addNameRange     '3.4.7',
198 silly addNameRange     '3.4.8',
198 silly addNameRange     '4.0.0-rc1',
198 silly addNameRange     '4.0.0-rc2',
198 silly addNameRange     '3.5.0',
198 silly addNameRange     '4.0.0-rc3',
198 silly addNameRange     '4.0.0-rc4',
198 silly addNameRange     '3.5.1',
198 silly addNameRange     '4.0.0',
198 silly addNameRange     '3.5.2',
198 silly addNameRange     '4.1.0',
198 silly addNameRange     '4.1.1',
198 silly addNameRange     '3.5.3',
198 silly addNameRange     '4.1.2',
198 silly addNameRange     '3.6.0',
198 silly addNameRange     '4.2.0',
198 silly addNameRange     '3.7.0',
198 silly addNameRange     '3.8.0',
198 silly addNameRange     '4.3.0',
198 silly addNameRange     '4.3.1',
198 silly addNameRange     '3.8.1',
198 silly addNameRange     '4.3.2',
198 silly addNameRange     '3.9.0',
198 silly addNameRange     '4.4.0',
198 silly addNameRange     '4.4.1',
198 silly addNameRange     '3.10.0',
198 silly addNameRange     '3.10.1',
198 silly addNameRange     '3.10.2',
198 silly addNameRange     '3.10.3',
198 silly addNameRange     '3.10.4',
198 silly addNameRange     '4.4.2',
198 silly addNameRange     '3.10.5',
198 silly addNameRange     '4.4.3',
198 silly addNameRange     '3.11.0',
198 silly addNameRange     '4.4.4',
198 silly addNameRange     '3.12.0',
198 silly addNameRange     '3.12.1',
198 silly addNameRange     '4.4.5',
198 silly addNameRange     '3.13.0',
198 silly addNameRange     '4.5.0',
198 silly addNameRange     '4.5.1',
198 silly addNameRange     '3.14.0',
198 silly addNameRange     '4.6.0',
198 silly addNameRange     '4.6.1',
198 silly addNameRange     '3.15.0',
198 silly addNameRange     '4.7.0',
198 silly addNameRange     '3.15.1',
198 silly addNameRange     '4.7.1',
198 silly addNameRange     '3.15.2',
198 silly addNameRange     '4.7.2',
198 silly addNameRange     '4.7.3',
198 silly addNameRange     '3.15.3',
198 silly addNameRange     '4.7.4',
198 silly addNameRange     '3.16.0',
198 silly addNameRange     '4.8.0',
198 silly addNameRange     '3.16.1',
198 silly addNameRange     '4.8.1',
198 silly addNameRange     '3.16.2',
198 silly addNameRange     '4.8.2',
198 silly addNameRange     '3.16.3',
198 silly addNameRange     '3.16.4',
198 silly addNameRange     '4.8.3',
198 silly addNameRange     '3.16.5',
198 silly addNameRange     '3.16.6',
198 silly addNameRange     '4.8.4',
198 silly addNameRange     '3.16.7',
198 silly addNameRange     '4.8.5',
198 silly addNameRange     '3.16.8',
198 silly addNameRange     '4.8.6',
198 silly addNameRange     '3.16.9',
198 silly addNameRange     '4.8.7',
198 silly addNameRange     '3.16.10',
198 silly addNameRange     '4.8.8',
198 silly addNameRange     '3.17.0',
198 silly addNameRange     '3.17.1',
198 silly addNameRange     '4.9.0',
198 silly addNameRange     '3.17.2',
198 silly addNameRange     '4.9.1',
198 silly addNameRange     '4.9.2',
198 silly addNameRange     '3.17.3',
198 silly addNameRange     '4.9.3',
198 silly addNameRange     '3.17.4',
198 silly addNameRange     '4.9.4',
198 silly addNameRange     '3.17.5',
198 silly addNameRange     '4.9.5',
198 silly addNameRange     '3.17.6',
198 silly addNameRange     '3.17.7',
198 silly addNameRange     '4.9.6',
198 silly addNameRange     '4.9.7',
198 silly addNameRange     '3.17.8',
198 silly addNameRange     '4.9.8',
198 silly addNameRange     '3.18.0',
198 silly addNameRange     '3.18.1',
198 silly addNameRange     '4.10.0',
198 silly addNameRange     '3.18.2',
198 silly addNameRange     '4.10.1',
198 silly addNameRange     '5.0.0-alpha.1',
198 silly addNameRange     '3.18.3',
198 silly addNameRange     '4.10.2',
198 silly addNameRange     '3.18.4',
198 silly addNameRange     '4.10.3',
198 silly addNameRange     '4.10.4' ] ]
199 verbose addNamed [ 'express', '4.9.8' ]
200 verbose addNamed [ '4.9.8', '4.9.8' ]
201 silly lockFile 3e3a25f6-express-4-9-8 express@4.9.8
202 verbose lock express@4.9.8 /Users/dave/.npm/3e3a25f6-express-4-9-8.lock
203 silly lockFile 2d7fb097-js-org-express-express-4-9-8-tgz https://registry.npmjs.org/express/-/express-4.9.8.tgz
204 verbose lock https://registry.npmjs.org/express/-/express-4.9.8.tgz /Users/dave/.npm/2d7fb097-js-org-express-express-4-9-8-tgz.lock
205 verbose addRemoteTarball [ 'https://registry.npmjs.org/express/-/express-4.9.8.tgz',
205 verbose addRemoteTarball   'f360f596baeabbd0e5223b603d6eb578d9d2d10d' ]
206 info retry fetch attempt 1 at 09:03:31
207 verbose fetch to= /var/folders/hy/1s3_4n6n11d582htfw4h50940000gn/T/npm-26071-aMoDGde-/registry.npmjs.org/express/-/express-4.9.8.tgz
208 http GET https://registry.npmjs.org/express/-/express-4.9.8.tgz
209 http 200 https://registry.npmjs.org/express/-/express-4.9.8.tgz
210 silly lockFile 2d7fb097-js-org-express-express-4-9-8-tgz https://registry.npmjs.org/express/-/express-4.9.8.tgz
211 silly lockFile 2d7fb097-js-org-express-express-4-9-8-tgz https://registry.npmjs.org/express/-/express-4.9.8.tgz
212 silly lockFile 3e3a25f6-express-4-9-8 express@4.9.8
213 silly lockFile 3e3a25f6-express-4-9-8 express@4.9.8
214 silly lockFile 6ae7fa08-express-4-9-0 express@~4.9.0
215 silly lockFile 6ae7fa08-express-4-9-0 express@~4.9.0
216 http 304 https://registry.npmjs.org/debug
217 silly registry.get cb [ 304,
217 silly registry.get   { date: 'Sat, 06 Dec 2014 22:03:31 GMT',
217 silly registry.get     server: 'Apache',
217 silly registry.get     via: '1.1 varnish',
217 silly registry.get     'last-modified': 'Sat, 06 Dec 2014 22:03:31 GMT',
217 silly registry.get     'cache-control': 'max-age=60',
217 silly registry.get     etag: '"E4CY0R7HCWKX9EK7D0X8XLN04"',
217 silly registry.get     age: '0',
217 silly registry.get     'x-served-by': 'cache-syd1623-SYD',
217 silly registry.get     'x-cache': 'HIT',
217 silly registry.get     'x-cache-hits': '1',
217 silly registry.get     'x-timer': 'S1417903411.054362,VS0,VE902',
217 silly registry.get     vary: 'Accept',
217 silly registry.get     'content-length': '0',
217 silly registry.get     'keep-alive': 'timeout=10, max=49',
217 silly registry.get     connection: 'Keep-Alive' } ]
218 verbose etag https://registry.npmjs.org/debug from cache
219 http 304 https://registry.npmjs.org/jade
220 silly registry.get cb [ 304,
220 silly registry.get   { date: 'Sat, 06 Dec 2014 22:03:31 GMT',
220 silly registry.get     server: 'Apache',
220 silly registry.get     via: '1.1 varnish',
220 silly registry.get     'last-modified': 'Sat, 06 Dec 2014 22:03:31 GMT',
220 silly registry.get     'cache-control': 'max-age=60',
220 silly registry.get     etag: '"5Q4KARORKJ9AKV4P4JSBELBXA"',
220 silly registry.get     age: '0',
220 silly registry.get     'x-served-by': 'cache-syd1622-SYD',
220 silly registry.get     'x-cache': 'HIT',
220 silly registry.get     'x-cache-hits': '1',
220 silly registry.get     'x-timer': 'S1417903411.055457,VS0,VE918',
220 silly registry.get     vary: 'Accept',
220 silly registry.get     'content-length': '0',
220 silly registry.get     'keep-alive': 'timeout=10, max=49',
220 silly registry.get     connection: 'Keep-Alive' } ]
221 verbose etag https://registry.npmjs.org/jade from cache
222 silly addNameRange number 2 { name: 'debug', range: '>=2.0.0-0 <2.1.0-0', hasData: true }
223 silly addNameRange versions [ 'debug',
223 silly addNameRange   [ '0.0.1',
223 silly addNameRange     '0.1.0',
223 silly addNameRange     '0.2.0',
223 silly addNameRange     '0.3.0',
223 silly addNameRange     '0.4.0',
223 silly addNameRange     '0.4.1',
223 silly addNameRange     '0.5.0',
223 silly addNameRange     '0.6.0',
223 silly addNameRange     '0.7.0',
223 silly addNameRange     '0.7.1',
223 silly addNameRange     '0.7.2',
223 silly addNameRange     '0.7.3',
223 silly addNameRange     '0.7.4',
223 silly addNameRange     '0.8.0',
223 silly addNameRange     '0.8.1',
223 silly addNameRange     '1.0.0',
223 silly addNameRange     '1.0.1',
223 silly addNameRange     '1.0.2',
223 silly addNameRange     '1.0.3',
223 silly addNameRange     '1.0.4',
223 silly addNameRange     '2.0.0',
223 silly addNameRange     '2.1.0' ] ]
224 verbose addNamed [ 'debug', '2.0.0' ]
225 verbose addNamed [ '2.0.0', '2.0.0' ]
226 silly lockFile 095bd820-debug-2-0-0 debug@2.0.0
227 verbose lock debug@2.0.0 /Users/dave/.npm/095bd820-debug-2-0-0.lock
228 silly addNameRange number 2 { name: 'jade', range: '>=1.6.0-0 <1.7.0-0', hasData: true }
229 silly addNameRange versions [ 'jade',
229 silly addNameRange   [ '0.0.1',
229 silly addNameRange     '0.0.2',
229 silly addNameRange     '0.1.0',
229 silly addNameRange     '0.2.0',
229 silly addNameRange     '0.2.1',
229 silly addNameRange     '0.2.2',
229 silly addNameRange     '0.2.3',
229 silly addNameRange     '0.2.4',
229 silly addNameRange     '0.3.0',
229 silly addNameRange     '0.4.0',
229 silly addNameRange     '0.4.1',
229 silly addNameRange     '0.5.0',
229 silly addNameRange     '0.5.1',
229 silly addNameRange     '0.5.2',
229 silly addNameRange     '0.5.3',
229 silly addNameRange     '0.5.4',
229 silly addNameRange     '0.5.5',
229 silly addNameRange     '0.5.6',
229 silly addNameRange     '0.5.7',
229 silly addNameRange     '0.6.0',
229 silly addNameRange     '0.6.1',
229 silly addNameRange     '0.6.3',
229 silly addNameRange     '0.7.0',
229 silly addNameRange     '0.7.1',
229 silly addNameRange     '0.8.0',
229 silly addNameRange     '0.8.1',
229 silly addNameRange     '0.8.2',
229 silly addNameRange     '0.8.3',
229 silly addNameRange     '0.8.4',
229 silly addNameRange     '0.8.5',
229 silly addNameRange     '0.8.6',
229 silly addNameRange     '0.8.7',
229 silly addNameRange     '0.8.8',
229 silly addNameRange     '0.8.9',
229 silly addNameRange     '0.9.0',
229 silly addNameRange     '0.9.1',
229 silly addNameRange     '0.9.2',
229 silly addNameRange     '0.9.3',
229 silly addNameRange     '0.10.0',
229 silly addNameRange     '0.10.1',
229 silly addNameRange     '0.10.2',
229 silly addNameRange     '0.10.3',
229 silly addNameRange     '0.10.4',
229 silly addNameRange     '0.10.5',
229 silly addNameRange     '0.10.6',
229 silly addNameRange     '0.10.7',
229 silly addNameRange     '0.11.0',
229 silly addNameRange     '0.11.1',
229 silly addNameRange     '0.12.0',
229 silly addNameRange     '0.12.1',
229 silly addNameRange     '0.12.2',
229 silly addNameRange     '0.12.3',
229 silly addNameRange     '0.12.4',
229 silly addNameRange     '0.13.0',
229 silly addNameRange     '0.14.0',
229 silly addNameRange     '0.14.1',
229 silly addNameRange     '0.14.2',
229 silly addNameRange     '0.15.0',
229 silly addNameRange     '0.15.1',
229 silly addNameRange     '0.15.2',
229 silly addNameRange     '0.15.3',
229 silly addNameRange     '0.15.4',
229 silly addNameRange     '0.16.0',
229 silly addNameRange     '0.16.1',
229 silly addNameRange     '0.16.2',
229 silly addNameRange     '0.16.3',
229 silly addNameRange     '0.16.4',
229 silly addNameRange     '0.17.0',
229 silly addNameRange     '0.18.0',
229 silly addNameRange     '0.19.0',
229 silly addNameRange     '0.20.0',
229 silly addNameRange     '0.20.1',
229 silly addNameRange     '0.20.2',
229 silly addNameRange     '0.20.3',
229 silly addNameRange     '0.21.0',
229 silly addNameRange     '0.22.0',
229 silly addNameRange     '0.22.1',
229 silly addNameRange     '0.23.0',
229 silly addNameRange     '0.24.0',
229 silly addNameRange     '0.25.0',
229 silly addNameRange     '0.26.0',
229 silly addNameRange     '0.26.1',
229 silly addNameRange     '0.26.2',
229 silly addNameRange     '0.26.3',
229 silly addNameRange     '0.27.0',
229 silly addNameRange     '0.27.1',
229 silly addNameRange     '0.27.2',
229 silly addNameRange     '0.27.3',
229 silly addNameRange     '0.27.4',
229 silly addNameRange     '0.27.5',
229 silly addNameRange     '0.27.6',
229 silly addNameRange     '0.27.7',
229 silly addNameRange     '0.28.0',
229 silly addNameRange     '0.28.1',
229 silly addNameRange     '0.28.2',
229 silly addNameRange     '0.29.0',
229 silly addNameRange     '0.30.0',
229 silly addNameRange     '0.31.0',
229 silly addNameRange     '0.31.1',
229 silly addNameRange     '0.31.2',
229 silly addNameRange     '0.32.0',
229 silly addNameRange     '0.33.0',
229 silly addNameRange     '0.34.0',
229 silly addNameRange     '0.34.1',
229 silly addNameRange     '0.35.0',
229 silly addNameRange     '1.0.0',
229 silly addNameRange     '1.0.1',
229 silly addNameRange     '1.0.2',
229 silly addNameRange     '1.1.0',
229 silly addNameRange     '1.1.1',
229 silly addNameRange     '1.1.2',
229 silly addNameRange     '1.1.3',
229 silly addNameRange     '1.1.4',
229 silly addNameRange     '1.1.5',
229 silly addNameRange     '1.2.0',
229 silly addNameRange     '1.3.0',
229 silly addNameRange     '1.3.1',
229 silly addNameRange     '1.4.0',
229 silly addNameRange     '1.4.1',
229 silly addNameRange     '1.4.2',
229 silly addNameRange     '1.5.0',
229 silly addNameRange     '1.6.0',
229 silly addNameRange     '1.7.0',
229 silly addNameRange     '1.8.0',
229 silly addNameRange     '1.8.1' ] ]
230 verbose addNamed [ 'jade', '1.6.0' ]
231 verbose addNamed [ '1.6.0', '1.6.0' ]
232 silly lockFile c06071bd-jade-1-6-0 jade@1.6.0
233 verbose lock jade@1.6.0 /Users/dave/.npm/c06071bd-jade-1-6-0.lock
234 silly lockFile e2182b07--npmjs-org-debug-debug-2-0-0-tgz https://registry.npmjs.org/debug/-/debug-2.0.0.tgz
235 verbose lock https://registry.npmjs.org/debug/-/debug-2.0.0.tgz /Users/dave/.npm/e2182b07--npmjs-org-debug-debug-2-0-0-tgz.lock
236 verbose addRemoteTarball [ 'https://registry.npmjs.org/debug/-/debug-2.0.0.tgz',
236 verbose addRemoteTarball   '89bd9df6732b51256bc6705342bba02ed12131ef' ]
237 silly lockFile c06071bd-jade-1-6-0 jade@1.6.0
238 silly lockFile c06071bd-jade-1-6-0 jade@1.6.0
239 info retry fetch attempt 1 at 09:03:32
240 verbose fetch to= /var/folders/hy/1s3_4n6n11d582htfw4h50940000gn/T/npm-26071-aMoDGde-/registry.npmjs.org/debug/-/debug-2.0.0.tgz
241 silly lockFile ad8c17a8-jade-1-6-0 jade@~1.6.0
242 silly lockFile ad8c17a8-jade-1-6-0 jade@~1.6.0
243 http GET https://registry.npmjs.org/debug/-/debug-2.0.0.tgz
244 http 200 https://registry.npmjs.org/debug/-/debug-2.0.0.tgz
245 silly lockFile e2182b07--npmjs-org-debug-debug-2-0-0-tgz https://registry.npmjs.org/debug/-/debug-2.0.0.tgz
246 silly lockFile e2182b07--npmjs-org-debug-debug-2-0-0-tgz https://registry.npmjs.org/debug/-/debug-2.0.0.tgz
247 silly lockFile 095bd820-debug-2-0-0 debug@2.0.0
248 silly lockFile 095bd820-debug-2-0-0 debug@2.0.0
249 silly lockFile 12b6356d-debug-2-0-0 debug@~2.0.0
250 silly lockFile 12b6356d-debug-2-0-0 debug@~2.0.0
251 error Error: EACCES, mkdir '/Users/dave/.npm/express/4.9.8'
251 error  { [Error: EACCES, mkdir '/Users/dave/.npm/express/4.9.8']
251 error   errno: 3,
251 error   code: 'EACCES',
251 error   path: '/Users/dave/.npm/express/4.9.8',
251 error   parent: 'hello' }
252 error Please try running this command again as root/Administrator.
253 error System Darwin 14.0.0
254 error command "node" "/usr/local/bin/npm" "install"
255 error cwd /Users/dave/Dev/hello/hello
256 error node -v v0.10.32
257 error npm -v 1.4.28
258 error path /Users/dave/.npm/express/4.9.8
259 error code EACCES
260 error errno 3
261 error stack Error: EACCES, mkdir '/Users/dave/.npm/express/4.9.8'
262 verbose exit [ 3, true ]
